2026-05-07 08:46:27.150 SNAPSHOT inicial: 159 plugins habilitados
2026-05-07 08:46:27.265 PRESENT  id=com.intellij version=253.30387.90
2026-05-07 08:46:27.288 PRESENT  id=com.intellij.notebooks.core version=253.30387.193
2026-05-07 08:46:27.313 PRESENT  id=com.intellij.debugger.collections.visualizer version=253.30387.90
2026-05-07 08:46:27.337 PRESENT  id=org.jetbrains.plugins.yaml version=253.30387.90
2026-05-07 08:46:27.361 PRESENT  id=com.intellij.database version=253.30387.90
2026-05-07 08:46:27.387 PRESENT  id=JavaScript version=253.30387.90
2026-05-07 08:46:27.412 PRESENT  id=com.intellij.dev version=253.30387.90
2026-05-07 08:46:27.436 PRESENT  id=com.android.tools.gradle.dcl version=253.30387.90
2026-05-07 08:46:27.461 PRESENT  id=com.intellij.java version=253.30387.90
2026-05-07 08:46:27.463 PRESENT  id=com.jetbrains.sh version=253.30387.90
2026-05-07 08:46:27.466 PRESENT  id=org.intellij.qodana version=253.30387.90
2026-05-07 08:46:27.468 PRESENT  id=org.jetbrains.completion.full.line version=253.30387.90
2026-05-07 08:46:27.470 PRESENT  id=hg4idea version=253.30387.90
2026-05-07 08:46:27.471 PRESENT  id=com.intellij.ja version=253.30387.90
2026-05-07 08:46:27.473 PRESENT  id=org.editorconfig.editorconfigjetbrains version=253.30387.90
2026-05-07 08:46:27.475 PRESENT  id=com.intellij.zh version=253.30387.90
2026-05-07 08:46:27.477 PRESENT  id=training version=253.30387.90
2026-05-07 08:46:27.478 PRESENT  id=com.intellij.css version=253.30387.90
2026-05-07 08:46:27.480 PRESENT  id=JavaScriptDebugger version=253.30387.90
2026-05-07 08:46:27.481 PRESENT  id=org.toml.lang version=253.30387.90
2026-05-07 08:46:27.484 PRESENT  id=com.jetbrains.performancePlugin version=253.30387.90
2026-05-07 08:46:27.486 PRESENT  id=idea.plugin.protoeditor version=253.30387.90
2026-05-07 08:46:27.487 PRESENT  id=com.intellij.ko version=253.30387.90
2026-05-07 08:46:27.489 PRESENT  id=Subversion version=253.30387.193
2026-05-07 08:46:27.491 PRESENT  id=com.specktro.darktheme version=1.2
2026-05-07 08:46:27.492 PRESENT  id=org.jetbrains.idea.reposearch version=253.30387.90
2026-05-07 08:46:27.494 PRESENT  id=org.jetbrains.plugins.textmate version=253.30387.90
2026-05-07 08:46:27.496 PRESENT  id=HtmlTools version=253.30387.90
2026-05-07 08:46:27.497 PRESENT  id=com.intellij.platform.images version=253.30387.90
2026-05-07 08:46:27.499 PRESENT  id=com.intellij.copyright version=253.30387.90
2026-05-07 08:46:27.500 PRESENT  id=org.jetbrains.debugger.streams version=253.30387.90
2026-05-07 08:46:27.503 PRESENT  id=ByteCodeViewer version=253.30387.90
2026-05-07 08:46:27.504 PRESENT  id=com.intellij.java.ide version=253.30387.90
2026-05-07 08:46:27.506 PRESENT  id=com.intellij.kubernetes version=253.30387.90
2026-05-07 08:46:27.508 PRESENT  id=com.intellij.modules.json version=253.30387.90
2026-05-07 08:46:27.510 PRESENT  id=com.intellij.searcheverywhere.ml version=253.30387.90
2026-05-07 08:46:27.511 PRESENT  id=com.intellij.findusages.ml version=253.30387.90
2026-05-07 08:46:27.513 PRESENT  id=com.intellij.jsonpath version=253.30387.90
2026-05-07 08:46:27.515 PRESENT  id=com.intellij.configurationScript version=253.30387.90
2026-05-07 08:46:27.517 PRESENT  id=com.intellij.code.provenance version=253.30387.90
2026-05-07 08:46:27.518 PRESENT  id=com.intellij.modules.ultimate version=253.30387.90
2026-05-07 08:46:27.520 PRESENT  id=com.intellij.aop version=253.30387.90
2026-05-07 08:46:27.521 PRESENT  id=org.jetbrains.plugins.less version=253.30387.90
2026-05-07 08:46:27.523 PRESENT  id=org.intellij.plugins.postcss version=253.30387.90
2026-05-07 08:46:27.578 PRESENT  id=org.jetbrains.plugins.sass version=253.30387.90
2026-05-07 08:46:27.585 PRESENT  id=com.intellij.diagram version=253.30387.90
2026-05-07 08:46:27.586 PRESENT  id=org.jetbrains.plugins.javaFX version=253.30387.90
2026-05-07 08:46:27.588 PRESENT  id=com.jetbrains.plugins.webDeployment version=253.30387.90
2026-05-07 08:46:27.590 PRESENT  id=com.intellij.cron version=253.30387.90
2026-05-07 08:46:27.593 PRESENT  id=com.intellij.javaee version=253.30387.90
2026-05-07 08:46:27.595 PRESENT  id=Refactor-X version=253.30387.90
2026-05-07 08:46:27.597 PRESENT  id=intellij.git.commit.modal version=253.30387.90
2026-05-07 08:46:27.603 PRESENT  id=org.intellij.plugins.markdown version=253.30387.90
2026-05-07 08:46:27.608 PRESENT  id=com.intellij.spring version=253.30387.173
2026-05-07 08:46:27.610 PRESENT  id=org.jetbrains.plugins.wsl.remoteSdk version=253.30387.90
2026-05-07 08:46:27.612 PRESENT  id=Lombook Plugin version=253.30387.90
2026-05-07 08:46:27.614 PRESENT  id=org.jetbrains.java.decompiler version=253.30387.90
2026-05-07 08:46:27.615 PRESENT  id=org.jetbrains.idea.eclipse version=253.30387.90
2026-05-07 08:46:27.617 PRESENT  id=TestNG-J version=253.30387.90
2026-05-07 08:46:27.619 PRESENT  id=org.jetbrains.plugins.terminal version=253.30387.92
2026-05-07 08:46:27.620 PRESENT  id=com.intellij.LineProfiler version=253.30387.90
2026-05-07 08:46:27.623 PRESENT  id=com.intellij.properties version=253.30387.90
2026-05-07 08:46:27.625 PRESENT  id=com.intellij.freemarker version=253.30387.90
2026-05-07 08:46:27.629 PRESENT  id=com.intellij.velocity version=253.30387.90
2026-05-07 08:46:27.631 PRESENT  id=com.intellij.spring.boot.initializr version=253.30387.90
2026-05-07 08:46:27.633 PRESENT  id=com.intellij.microservices.jvm version=253.30387.90
2026-05-07 08:46:27.635 PRESENT  id=com.intellij.jpa.jpb.model version=253.30387.90
2026-05-07 08:46:27.637 PRESENT  id=JUnit version=253.30387.90
2026-05-07 08:46:27.639 PRESENT  id=Coverage version=253.30387.90
2026-05-07 08:46:27.641 PRESENT  id=org.intellij.groovy version=253.30387.90
2026-05-07 08:46:27.643 PRESENT  id=com.intellij.java-i18n version=253.30387.90
2026-05-07 08:46:27.644 PRESENT  id=com.intellij.cdi version=253.30387.90
2026-05-07 08:46:27.645 PRESENT  id=com.intellij.thymeleaf version=253.30387.90
2026-05-07 08:46:27.647 PRESENT  id=com.intellij.javaee.extensions version=253.30387.90
2026-05-07 08:46:27.648 PRESENT  id=com.intellij.javaee.el version=253.30387.90
2026-05-07 08:46:27.650 PRESENT  id=com.intellij.spring.security version=253.30387.90
2026-05-07 08:46:27.651 PRESENT  id=com.intellij.spring.modulith version=253.30387.90
2026-05-07 08:46:27.653 PRESENT  id=com.intellij.spring.boot version=253.30387.90
2026-05-07 08:46:27.654 PRESENT  id=com.intellij.spring.messaging version=253.30387.90
2026-05-07 08:46:27.656 PRESENT  id=com.intellij.gradle version=253.30387.90
2026-05-07 08:46:27.658 PRESENT  id=org.jetbrains.idea.gradle.dsl version=253.30387.90
2026-05-07 08:46:27.660 PRESENT  id=com.intellij.liquibase version=253.30387.90
2026-05-07 08:46:27.661 PRESENT  id=com.intellij.plugins.netbeanskeymap version=253.30387.90
2026-05-07 08:46:27.663 PRESENT  id=com.intellij.javaee.web version=253.30387.90
2026-05-07 08:46:27.665 PRESENT  id=intellij.platform.ijent.impl version=253.30387.90
2026-05-07 08:46:27.666 PRESENT  id=es.iesclaradelrey.controlex version=1.9.0
2026-05-07 08:46:27.667 PRESENT  id=com.jetbrains.station version=253.30387.90
2026-05-07 08:46:27.670 PRESENT  id=intellij.grid.plugin version=253.30387.90
2026-05-07 08:46:27.671 PRESENT  id=com.intellij.flyway version=253.30387.90
2026-05-07 08:46:27.673 PRESENT  id=com.intellij.jsp version=253.30387.90
2026-05-07 08:46:27.675 PRESENT  id=org.jetbrains.kotlin version=253.30387.90-IJ
2026-05-07 08:46:27.676 PRESENT  id=intellij.ktor version=253.30387.90
2026-05-07 08:46:27.677 PRESENT  id=com.intellij.plugins.visualstudiokeymap version=253.30387.90
2026-05-07 08:46:27.679 PRESENT  id=com.intellij.completion.ml.ranking version=253.30387.90
2026-05-07 08:46:27.681 PRESENT  id=com.intellij.spring.cloud version=253.30387.90
2026-05-07 08:46:27.683 PRESENT  id=com.intellij.spring.integration version=253.30387.90
2026-05-07 08:46:27.685 PRESENT  id=intellij.indexing.shared.core version=253.30387.90
2026-05-07 08:46:27.687 PRESENT  id=intellij.indexing.shared version=253.30387.90
2026-05-07 08:46:27.691 PRESENT  id=com.intellij.swagger version=253.30387.90
2026-05-07 08:46:27.692 PRESENT  id=com.jetbrains.restWebServices version=253.30387.90
2026-05-07 08:46:27.694 PRESENT  id=com.jetbrains.restClient version=253.30387.92
2026-05-07 08:46:27.695 PRESENT  id=com.jetbrains.remoteDevServer version=253.30387.90
2026-05-07 08:46:27.696 PRESENT  id=JBoss version=253.30387.90
2026-05-07 08:46:27.698 PRESENT  id=Tomcat version=253.30387.90
2026-05-07 08:46:27.699 PRESENT  id=com.intellij.javaee.app.servers.integration version=253.30387.90
2026-05-07 08:46:27.701 PRESENT  id=XPathView version=253.30387.90
2026-05-07 08:46:27.703 PRESENT  id=com.intellij.tasks version=253.30387.90
2026-05-07 08:46:27.705 PRESENT  id=com.intellij.tasks.timeTracking version=253.30387.90
2026-05-07 08:46:27.707 PRESENT  id=com.intellij.javaee.jpa version=253.30387.90
2026-05-07 08:46:27.709 PRESENT  id=com.intellij.javaee.jakarta.data version=253.30387.90
2026-05-07 08:46:27.710 PRESENT  id=com.intellij.spring.data version=253.30387.90
2026-05-07 08:46:27.714 PRESENT  id=com.intellij.javaee.reverseEngineering version=253.30387.90
2026-05-07 08:46:27.717 PRESENT  id=com.intellij.micronaut version=253.30387.90
2026-05-07 08:46:27.719 PRESENT  id=com.intellij.hibernate version=253.30387.90
2026-05-07 08:46:27.721 PRESENT  id=com.intellij.quarkus version=253.30387.90
2026-05-07 08:46:27.723 PRESENT  id=com.intellij.persistence version=253.30387.90
2026-05-07 08:46:27.724 PRESENT  id=intellij.jupyter version=253.30387.193
2026-05-07 08:46:27.726 PRESENT  id=org.jetbrains.plugins.kotlin.jupyter version=253.30387.90
2026-05-07 08:46:27.728 PRESENT  id=Docker version=253.30387.90
2026-05-07 08:46:27.729 PRESENT  id=tanvd.grazi version=253.30387.90
2026-05-07 08:46:27.730 PRESENT  id=com.intellij.compose version=253.30387.90
2026-05-07 08:46:27.733 PRESENT  id=com.intellij.plugins.eclipsekeymap version=253.30387.90
2026-05-07 08:46:27.736 PRESENT  id=Git4Idea version=253.30387.90
2026-05-07 08:46:27.739 PRESENT  id=org.jetbrains.plugins.gitlab version=253.30387.90
2026-05-07 08:46:27.741 PRESENT  id=com.intellij.settingsSync version=253.30387.90
2026-05-07 08:46:27.742 PRESENT  id=org.jetbrains.plugins.github version=253.30387.90
2026-05-07 08:46:27.744 PRESENT  id=org.jetbrains.plugins.remote-run version=253.30387.90
2026-05-07 08:46:27.745 PRESENT  id=org.jetbrains.idea.maven version=253.30387.90
2026-05-07 08:46:27.747 PRESENT  id=org.jetbrains.plugins.gradle version=253.30387.90
2026-05-07 08:46:27.748 PRESENT  id=intellij.webpack version=253.30387.90
2026-05-07 08:46:27.750 PRESENT  id=com.intellij.tailwindcss version=253.30387.90
2026-05-07 08:46:27.751 PRESENT  id=com.intellij.react version=253.30387.90
2026-05-07 08:46:27.753 PRESENT  id=com.intellij.stylelint version=253.30387.90
2026-05-07 08:46:27.754 PRESENT  id=intellij.vitejs version=253.30387.193
2026-05-07 08:46:27.756 PRESENT  id=NodeJS version=253.30387.90
2026-05-07 08:46:27.757 PRESENT  id=org.jetbrains.plugins.vue version=253.30387.90
2026-05-07 08:46:27.759 PRESENT  id=tslint version=253.30387.90
2026-05-07 08:46:27.760 PRESENT  id=org.jetbrains.plugins.node-remote-interpreter version=253.30387.90
2026-05-07 08:46:27.761 PRESENT  id=com.deadlock.scsyntax version=253.30387.90
2026-05-07 08:46:27.763 PRESENT  id=com.intellij.plugins.webcomponents version=253.30387.90
2026-05-07 08:46:27.765 PRESENT  id=intellij.prettierJS version=253.30387.90
2026-05-07 08:46:27.767 PRESENT  id=org.jgrasp version=1.0.11
2026-05-07 08:46:27.769 PRESENT  id=intellij.nextjs version=253.30387.90
2026-05-07 08:46:27.773 PRESENT  id=Karma version=253.30387.90
2026-05-07 08:46:27.775 PRESENT  id=JSIntentionPowerPack version=253.30387.90
2026-05-07 08:46:27.777 PRESENT  id=com.intellij.mcpServer version=253.30387.90
2026-05-07 08:46:27.780 PRESENT  id=PerforceDirectPlugin version=253.30387.90
2026-05-07 08:46:27.781 PRESENT  id=com.jetbrains.codeWithMe version=253.30387.90
2026-05-07 08:46:27.784 PRESENT  id=org.jetbrains.security.package-checker version=253.30387.90
2026-05-07 08:46:27.786 PRESENT  id=com.intellij.beanValidation version=253.30387.90
2026-05-07 08:46:27.788 PRESENT  id=org.jetbrains.plugins.docker.gateway version=253.30387.92
2026-05-07 08:46:27.790 PRESENT  id=com.intellij.spring.mvc version=253.30387.90
2026-05-07 08:46:27.792 PRESENT  id=com.jetbrains.php version=253.30387.20
2026-05-07 08:46:27.793 PRESENT  id=izhangzhihao.rainbow.brackets version=2025.3.7
2026-05-07 08:46:27.798 PRESENT  id=com.mallowigi version=104.0.0
2026-05-07 08:46:27.834 PRESENT  id=com.intellij.microservices.ui version=253.30387.90
2026-05-07 08:46:27.842 PRESENT  id=com.jetbrains.gateway version=253.30387.90
2026-05-07 08:46:27.855 PRESENT  id=com.jetbrains.performancePlugin.async version=253.30387.90
2026-05-07 08:46:27.856 PRESENT  id=AngularJS version=253.30387.90
2026-05-07 08:46:27.867 [CONTROLEX] start  id=es.iesclaradelrey.controlex version=1.9.0
2026-05-07 08:47:36.378 UNLOAD   id=es.iesclaradelrey.controlex name="Controlex" version=1.9.0
2026-05-07 08:47:37.941 [CONTROLEX] stop   id=es.iesclaradelrey.controlex version=1.9.0
2026-05-07 08:58:49.900 INSTALL  id=es.iesclaradelrey.controlex version=1.9.0
2026-05-07 08:58:49.911 [CONTROLEX] start  id=es.iesclaradelrey.controlex version=1.9.0
2026-05-07 09:00:43.051 UNLOAD   id=es.iesclaradelrey.controlex name="Controlex" version=1.9.0
2026-05-07 09:00:43.260 [CONTROLEX] stop   id=es.iesclaradelrey.controlex version=1.9.0
